{"C:\\Users\\USER\\Desktop\\WORK\\kip\\src\\controllers\\orderTransactionController.ts": {"path":"C:\\Users\\USER\\Desktop\\WORK\\kip\\src\\controllers\\orderTransactionController.ts","statementMap":{"0":{"start":{"line":2,"column":0},"end":{"line":2,"column":56}},"1":{"start":{"line":3,"column":0},"end":{"line":3,"column":68}},"2":{"start":{"line":12,"column":8},"end":{"line":12,"column":47}},"3":{"start":{"line":13,"column":8},"end":{"line":13,"column":59}},"4":{"start":{"line":17,"column":8},"end":{"line":31,"column":9}},"5":{"start":{"line":19,"column":47},"end":{"line":19,"column":92}},"6":{"start":{"line":22,"column":32},"end":{"line":24,"column":null}},"7":{"start":{"line":27,"column":12},"end":{"line":27,"column":57}},"8":{"start":{"line":29,"column":24},"end":{"line":29,"column":38}},"9":{"start":{"line":30,"column":12},"end":{"line":30,"column":57}},"10":{"start":{"line":35,"column":8},"end":{"line":57,"column":9}},"11":{"start":{"line":36,"column":32},"end":{"line":36,"column":42}},"12":{"start":{"line":38,"column":16},"end":{"line":38,"column":70}},"13":{"start":{"line":41,"column":12},"end":{"line":46,"column":13}},"14":{"start":{"line":42,"column":16},"end":{"line":45,"column":18}},"15":{"start":{"line":48,"column":12},"end":{"line":51,"column":15}},"16":{"start":{"line":53,"column":12},"end":{"line":53,"column":57}},"17":{"start":{"line":55,"column":24},"end":{"line":55,"column":38}},"18":{"start":{"line":56,"column":12},"end":{"line":56,"column":57}},"19":{"start":{"line":61,"column":8},"end":{"line":80,"column":9}},"20":{"start":{"line":62,"column":32},"end":{"line":62,"column":42}},"21":{"start":{"line":64,"column":16},"end":{"line":64,"column":60}},"22":{"start":{"line":67,"column":12},"end":{"line":71,"column":13}},"23":{"start":{"line":68,"column":16},"end":{"line":70,"column":18}},"24":{"start":{"line":73,"column":12},"end":{"line":76,"column":15}},"25":{"start":{"line":78,"column":24},"end":{"line":78,"column":38}},"26":{"start":{"line":79,"column":12},"end":{"line":79,"column":57}},"27":{"start":{"line":85,"column":8},"end":{"line":91,"column":9}},"28":{"start":{"line":86,"column":26},"end":{"line":86,"column":75}},"29":{"start":{"line":87,"column":12},"end":{"line":87,"column":40}},"30":{"start":{"line":89,"column":24},"end":{"line":89,"column":38}},"31":{"start":{"line":90,"column":12},"end":{"line":90,"column":57}},"32":{"start":{"line":95,"column":8},"end":{"line":104,"column":9}},"33":{"start":{"line":97,"column":32},"end":{"line":99,"column":14}},"34":{"start":{"line":100,"column":12},"end":{"line":100,"column":46}},"35":{"start":{"line":102,"column":24},"end":{"line":102,"column":38}},"36":{"start":{"line":103,"column":12},"end":{"line":103,"column":57}},"37":{"start":{"line":110,"column":8},"end":{"line":114,"column":null}},"38":{"start":{"line":119,"column":8},"end":{"line":123,"column":null}},"39":{"start":{"line":7,"column":0},"end":{"line":7,"column":13}}},"fnMap":{"0":{"name":"(anonymous_7)","decl":{"start":{"line":11,"column":4},"end":{"line":11,"column":null}},"loc":{"start":{"line":11,"column":4},"end":{"line":14,"column":5}}},"1":{"name":"(anonymous_8)","decl":{"start":{"line":16,"column":10},"end":{"line":16,"column":36}},"loc":{"start":{"line":16,"column":64},"end":{"line":32,"column":null}}},"2":{"name":"(anonymous_10)","decl":{"start":{"line":34,"column":10},"end":{"line":34,"column":36}},"loc":{"start":{"line":34,"column":64},"end":{"line":58,"column":null}}},"3":{"name":"(anonymous_12)","decl":{"start":{"line":60,"column":10},"end":{"line":60,"column":36}},"loc":{"start":{"line":60,"column":64},"end":{"line":81,"column":null}}},"4":{"name":"(anonymous_14)","decl":{"start":{"line":84,"column":10},"end":{"line":84,"column":18}},"loc":{"start":{"line":84,"column":46},"end":{"line":92,"column":null}}},"5":{"name":"(anonymous_16)","decl":{"start":{"line":94,"column":10},"end":{"line":94,"column":24}},"loc":{"start":{"line":94,"column":52},"end":{"line":105,"column":null}}},"6":{"name":"(anonymous_18)","decl":{"start":{"line":109,"column":12},"end":{"line":109,"column":27}},"loc":{"start":{"line":109,"column":48},"end":{"line":116,"column":5}}},"7":{"name":"(anonymous_19)","decl":{"start":{"line":118,"column":12},"end":{"line":118,"column":33}},"loc":{"start":{"line":118,"column":66},"end":{"line":125,"column":5}}}},"branchMap":{"0":{"loc":{"start":{"line":41,"column":12},"end":{"line":46,"column":13}},"type":"if","locations":[{"start":{"line":41,"column":12},"end":{"line":46,"column":13}},{"start":{},"end":{}}]},"1":{"loc":{"start":{"line":50,"column":29},"end":{"line":50,"column":89}},"type":"cond-expr","locations":[{"start":{"line":50,"column":43},"end":{"line":50,"column":82}},{"start":{"line":50,"column":85},"end":{"line":50,"column":89}}]},"2":{"loc":{"start":{"line":67,"column":12},"end":{"line":71,"column":13}},"type":"if","locations":[{"start":{"line":67,"column":12},"end":{"line":71,"column":13}},{"start":{},"end":{}}]},"3":{"loc":{"start":{"line":114,"column":23},"end":{"line":114,"column":53}},"type":"cond-expr","locations":[{"start":{"line":114,"column":38},"end":{"line":114,"column":40}},{"start":{"line":114,"column":38},"end":{"line":114,"column":53}}]},"4":{"loc":{"start":{"line":114,"column":23},"end":{"line":114,"column":40}},"type":"binary-expr","locations":[{"start":{"line":114,"column":23},"end":{"line":114,"column":40}},{"start":{"line":114,"column":38},"end":{"line":114,"column":40}}]},"5":{"loc":{"start":{"line":122,"column":21},"end":{"line":122,"column":85}},"type":"cond-expr","locations":[{"start":{"line":122,"column":43},"end":{"line":122,"column":73}},{"start":{"line":122,"column":76},"end":{"line":122,"column":85}}]}},"s":{"0":1,"1":1,"2":1,"3":1,"4":0,"5":0,"6":0,"7":0,"8":0,"9":0,"10":0,"11":0,"12":0,"13":0,"14":0,"15":0,"16":0,"17":0,"18":0,"19":0,"20":0,"21":0,"22":0,"23":0,"24":0,"25":0,"26":0,"27":0,"28":0,"29":0,"30":0,"31":0,"32":0,"33":0,"34":0,"35":0,"36":0,"37":0,"38":0,"39":1},"f":{"0":1,"1":0,"2":0,"3":0,"4":0,"5":0,"6":0,"7":0},"b":{"0":[0,0],"1":[0,0],"2":[0,0],"3":[0,0],"4":[0,0],"5":[0,0]}}
,"C:\\Users\\USER\\Desktop\\WORK\\kip\\src\\models\\customer.model.ts": {"path":"C:\\Users\\USER\\Desktop\\WORK\\kip\\src\\models\\customer.model.ts","statementMap":{"0":{"start":{"line":1,"column":0},"end":{"line":1,"column":54}},"1":{"start":{"line":10,"column":23},"end":{"line":15,"column":24}},"2":{"start":{"line":17,"column":0},"end":{"line":17,"column":69}}},"fnMap":{},"branchMap":{},"s":{"0":2,"1":2,"2":2},"f":{},"b":{}}
,"C:\\Users\\USER\\Desktop\\WORK\\kip\\src\\models\\order.model.ts": {"path":"C:\\Users\\USER\\Desktop\\WORK\\kip\\src\\models\\order.model.ts","statementMap":{"0":{"start":{"line":1,"column":0},"end":{"line":1,"column":44}},"1":{"start":{"line":14,"column":20},"end":{"line":23,"column":24}},"2":{"start":{"line":25,"column":0},"end":{"line":25,"column":60}}},"fnMap":{},"branchMap":{},"s":{"0":3,"1":3,"2":3},"f":{},"b":{}}
,"C:\\Users\\USER\\Desktop\\WORK\\kip\\src\\models\\transaction.model.ts": {"path":"C:\\Users\\USER\\Desktop\\WORK\\kip\\src\\models\\transaction.model.ts","statementMap":{"0":{"start":{"line":1,"column":0},"end":{"line":1,"column":54}},"1":{"start":{"line":11,"column":26},"end":{"line":17,"column":24}},"2":{"start":{"line":19,"column":0},"end":{"line":19,"column":78}}},"fnMap":{},"branchMap":{},"s":{"0":2,"1":2,"2":2},"f":{},"b":{}}
,"C:\\Users\\USER\\Desktop\\WORK\\kip\\src\\services\\orderService.ts": {"path":"C:\\Users\\USER\\Desktop\\WORK\\kip\\src\\services\\orderService.ts","statementMap":{"0":{"start":{"line":1,"column":0},"end":{"line":1,"column":42}},"1":{"start":{"line":2,"column":0},"end":{"line":2,"column":48}},"2":{"start":{"line":9,"column":29},"end":{"line":9,"column":67}},"3":{"start":{"line":10,"column":8},"end":{"line":10,"column":54}},"4":{"start":{"line":10,"column":22},"end":{"line":10,"column":54}},"5":{"start":{"line":12,"column":8},"end":{"line":44,"column":9}},"6":{"start":{"line":13,"column":27},"end":{"line":13,"column":101}},"7":{"start":{"line":14,"column":12},"end":{"line":17,"column":13}},"8":{"start":{"line":15,"column":16},"end":{"line":15,"column":70}},"9":{"start":{"line":16,"column":16},"end":{"line":16,"column":63}},"10":{"start":{"line":19,"column":26},"end":{"line":27,"column":14}},"11":{"start":{"line":29,"column":31},"end":{"line":29,"column":74}},"12":{"start":{"line":31,"column":12},"end":{"line":31,"column":65}},"13":{"start":{"line":31,"column":26},"end":{"line":31,"column":65}},"14":{"start":{"line":32,"column":12},"end":{"line":38,"column":14}},"15":{"start":{"line":40,"column":12},"end":{"line":40,"column":64}},"16":{"start":{"line":40,"column":26},"end":{"line":40,"column":64}},"17":{"start":{"line":41,"column":12},"end":{"line":41,"column":24}},"18":{"start":{"line":43,"column":12},"end":{"line":43,"column":52}},"19":{"start":{"line":43,"column":26},"end":{"line":43,"column":52}},"20":{"start":{"line":49,"column":29},"end":{"line":49,"column":67}},"21":{"start":{"line":50,"column":8},"end":{"line":50,"column":54}},"22":{"start":{"line":50,"column":22},"end":{"line":50,"column":54}},"23":{"start":{"line":52,"column":8},"end":{"line":74,"column":9}},"24":{"start":{"line":53,"column":33},"end":{"line":56,"column":null}},"25":{"start":{"line":59,"column":12},"end":{"line":61,"column":13}},"26":{"start":{"line":60,"column":16},"end":{"line":60,"column":51}},"27":{"start":{"line":63,"column":12},"end":{"line":63,"column":65}},"28":{"start":{"line":63,"column":26},"end":{"line":63,"column":65}},"29":{"start":{"line":64,"column":12},"end":{"line":68,"column":14}},"30":{"start":{"line":70,"column":12},"end":{"line":70,"column":64}},"31":{"start":{"line":70,"column":26},"end":{"line":70,"column":64}},"32":{"start":{"line":71,"column":12},"end":{"line":71,"column":24}},"33":{"start":{"line":73,"column":12},"end":{"line":73,"column":52}},"34":{"start":{"line":73,"column":26},"end":{"line":73,"column":52}},"35":{"start":{"line":79,"column":25},"end":{"line":79,"column":54}},"36":{"start":{"line":80,"column":8},"end":{"line":80,"column":33}},"37":{"start":{"line":80,"column":23},"end":{"line":80,"column":33}},"38":{"start":{"line":81,"column":8},"end":{"line":81,"column":56}},"39":{"start":{"line":91,"column":22},"end":{"line":91,"column":57}},"40":{"start":{"line":92,"column":20},"end":{"line":92,"column":60}},"41":{"start":{"line":93,"column":8},"end":{"line":93,"column":69}},"42":{"start":{"line":97,"column":29},"end":{"line":97,"column":67}},"43":{"start":{"line":98,"column":8},"end":{"line":98,"column":54}},"44":{"start":{"line":98,"column":22},"end":{"line":98,"column":54}},"45":{"start":{"line":100,"column":8},"end":{"line":118,"column":9}},"46":{"start":{"line":101,"column":33},"end":{"line":101,"column":93}},"47":{"start":{"line":103,"column":12},"end":{"line":105,"column":13}},"48":{"start":{"line":104,"column":16},"end":{"line":104,"column":51}},"49":{"start":{"line":107,"column":12},"end":{"line":107,"column":65}},"50":{"start":{"line":107,"column":26},"end":{"line":107,"column":65}},"51":{"start":{"line":108,"column":12},"end":{"line":112,"column":14}},"52":{"start":{"line":114,"column":12},"end":{"line":114,"column":64}},"53":{"start":{"line":114,"column":26},"end":{"line":114,"column":64}},"54":{"start":{"line":115,"column":12},"end":{"line":115,"column":24}},"55":{"start":{"line":117,"column":12},"end":{"line":117,"column":52}},"56":{"start":{"line":117,"column":26},"end":{"line":117,"column":52}},"57":{"start":{"line":6,"column":0},"end":{"line":6,"column":13}}},"fnMap":{"0":{"name":"(anonymous_8)","decl":{"start":{"line":8,"column":10},"end":{"line":8,"column":21}},"loc":{"start":{"line":8,"column":66},"end":{"line":45,"column":null}}},"1":{"name":"(anonymous_10)","decl":{"start":{"line":48,"column":10},"end":{"line":48,"column":21}},"loc":{"start":{"line":48,"column":91},"end":{"line":75,"column":null}}},"2":{"name":"(anonymous_12)","decl":{"start":{"line":78,"column":10},"end":{"line":78,"column":25}},"loc":{"start":{"line":78,"column":66},"end":{"line":82,"column":null}}},"3":{"name":"(anonymous_14)","decl":{"start":{"line":90,"column":10},"end":{"line":90,"column":25}},"loc":{"start":{"line":90,"column":36},"end":{"line":94,"column":null}}},"4":{"name":"(anonymous_16)","decl":{"start":{"line":96,"column":10},"end":{"line":96,"column":21}},"loc":{"start":{"line":96,"column":57},"end":{"line":119,"column":null}}}},"branchMap":{"0":{"loc":{"start":{"line":9,"column":29},"end":{"line":9,"column":67}},"type":"binary-expr","locations":[{"start":{"line":9,"column":29},"end":{"line":9,"column":36}},{"start":{"line":9,"column":40},"end":{"line":9,"column":66}}]},"1":{"loc":{"start":{"line":10,"column":8},"end":{"line":10,"column":54}},"type":"if","locations":[{"start":{"line":10,"column":8},"end":{"line":10,"column":54}},{"start":{},"end":{}}]},"2":{"loc":{"start":{"line":14,"column":12},"end":{"line":17,"column":13}},"type":"if","locations":[{"start":{"line":14,"column":12},"end":{"line":17,"column":13}},{"start":{},"end":{}}]},"3":{"loc":{"start":{"line":31,"column":12},"end":{"line":31,"column":65}},"type":"if","locations":[{"start":{"line":31,"column":12},"end":{"line":31,"column":65}},{"start":{},"end":{}}]},"4":{"loc":{"start":{"line":40,"column":12},"end":{"line":40,"column":64}},"type":"if","locations":[{"start":{"line":40,"column":12},"end":{"line":40,"column":64}},{"start":{},"end":{}}]},"5":{"loc":{"start":{"line":43,"column":12},"end":{"line":43,"column":52}},"type":"if","locations":[{"start":{"line":43,"column":12},"end":{"line":43,"column":52}},{"start":{},"end":{}}]},"6":{"loc":{"start":{"line":49,"column":29},"end":{"line":49,"column":67}},"type":"binary-expr","locations":[{"start":{"line":49,"column":29},"end":{"line":49,"column":36}},{"start":{"line":49,"column":40},"end":{"line":49,"column":66}}]},"7":{"loc":{"start":{"line":50,"column":8},"end":{"line":50,"column":54}},"type":"if","locations":[{"start":{"line":50,"column":8},"end":{"line":50,"column":54}},{"start":{},"end":{}}]},"8":{"loc":{"start":{"line":59,"column":12},"end":{"line":61,"column":13}},"type":"if","locations":[{"start":{"line":59,"column":12},"end":{"line":61,"column":13}},{"start":{},"end":{}}]},"9":{"loc":{"start":{"line":63,"column":12},"end":{"line":63,"column":65}},"type":"if","locations":[{"start":{"line":63,"column":12},"end":{"line":63,"column":65}},{"start":{},"end":{}}]},"10":{"loc":{"start":{"line":66,"column":51},"end":{"line":66,"column":84}},"type":"binary-expr","locations":[{"start":{"line":66,"column":51},"end":{"line":66,"column":64}},{"start":{"line":66,"column":68},"end":{"line":66,"column":84}}]},"11":{"loc":{"start":{"line":70,"column":12},"end":{"line":70,"column":64}},"type":"if","locations":[{"start":{"line":70,"column":12},"end":{"line":70,"column":64}},{"start":{},"end":{}}]},"12":{"loc":{"start":{"line":73,"column":12},"end":{"line":73,"column":52}},"type":"if","locations":[{"start":{"line":73,"column":12},"end":{"line":73,"column":52}},{"start":{},"end":{}}]},"13":{"loc":{"start":{"line":80,"column":8},"end":{"line":80,"column":33}},"type":"if","locations":[{"start":{"line":80,"column":8},"end":{"line":80,"column":33}},{"start":{},"end":{}}]},"14":{"loc":{"start":{"line":97,"column":29},"end":{"line":97,"column":67}},"type":"binary-expr","locations":[{"start":{"line":97,"column":29},"end":{"line":97,"column":36}},{"start":{"line":97,"column":40},"end":{"line":97,"column":66}}]},"15":{"loc":{"start":{"line":98,"column":8},"end":{"line":98,"column":54}},"type":"if","locations":[{"start":{"line":98,"column":8},"end":{"line":98,"column":54}},{"start":{},"end":{}}]},"16":{"loc":{"start":{"line":103,"column":12},"end":{"line":105,"column":13}},"type":"if","locations":[{"start":{"line":103,"column":12},"end":{"line":105,"column":13}},{"start":{},"end":{}}]},"17":{"loc":{"start":{"line":107,"column":12},"end":{"line":107,"column":65}},"type":"if","locations":[{"start":{"line":107,"column":12},"end":{"line":107,"column":65}},{"start":{},"end":{}}]},"18":{"loc":{"start":{"line":114,"column":12},"end":{"line":114,"column":64}},"type":"if","locations":[{"start":{"line":114,"column":12},"end":{"line":114,"column":64}},{"start":{},"end":{}}]},"19":{"loc":{"start":{"line":117,"column":12},"end":{"line":117,"column":52}},"type":"if","locations":[{"start":{"line":117,"column":12},"end":{"line":117,"column":52}},{"start":{},"end":{}}]}},"s":{"0":2,"1":2,"2":0,"3":0,"4":0,"5":0,"6":0,"7":0,"8":0,"9":0,"10":0,"11":0,"12":0,"13":0,"14":0,"15":0,"16":0,"17":0,"18":0,"19":0,"20":0,"21":0,"22":0,"23":0,"24":0,"25":0,"26":0,"27":0,"28":0,"29":0,"30":0,"31":0,"32":0,"33":0,"34":0,"35":0,"36":0,"37":0,"38":0,"39":0,"40":0,"41":0,"42":0,"43":0,"44":0,"45":0,"46":0,"47":0,"48":0,"49":0,"50":0,"51":0,"52":0,"53":0,"54":0,"55":0,"56":0,"57":2},"f":{"0":0,"1":0,"2":0,"3":0,"4":0},"b":{"0":[0,0],"1":[0,0],"2":[0,0],"3":[0,0],"4":[0,0],"5":[0,0],"6":[0,0],"7":[0,0],"8":[0,0],"9":[0,0],"10":[0,0],"11":[0,0],"12":[0,0],"13":[0,0],"14":[0,0],"15":[0,0],"16":[0,0],"17":[0,0],"18":[0,0],"19":[0,0]}}
,"C:\\Users\\USER\\Desktop\\WORK\\kip\\src\\services\\transactionService.ts": {"path":"C:\\Users\\USER\\Desktop\\WORK\\kip\\src\\services\\transactionService.ts","statementMap":{"0":{"start":{"line":2,"column":0},"end":{"line":2,"column":54}},"1":{"start":{"line":3,"column":0},"end":{"line":3,"column":42}},"2":{"start":{"line":9,"column":8},"end":{"line":39,"column":null}},"3":{"start":{"line":14,"column":29},"end":{"line":14,"column":73}},"4":{"start":{"line":15,"column":8},"end":{"line":15,"column":54}},"5":{"start":{"line":15,"column":22},"end":{"line":15,"column":54}},"6":{"start":{"line":17,"column":8},"end":{"line":38,"column":9}},"7":{"start":{"line":18,"column":26},"end":{"line":18,"column":84}},"8":{"start":{"line":19,"column":12},"end":{"line":19,"column":59}},"9":{"start":{"line":19,"column":24},"end":{"line":19,"column":59}},"10":{"start":{"line":21,"column":29},"end":{"line":21,"column":89}},"11":{"start":{"line":22,"column":12},"end":{"line":22,"column":72}},"12":{"start":{"line":22,"column":26},"end":{"line":22,"column":72}},"13":{"start":{"line":24,"column":32},"end":{"line":29,"column":42}},"14":{"start":{"line":31,"column":12},"end":{"line":31,"column":65}},"15":{"start":{"line":31,"column":26},"end":{"line":31,"column":65}},"16":{"start":{"line":32,"column":12},"end":{"line":32,"column":34}},"17":{"start":{"line":34,"column":12},"end":{"line":34,"column":64}},"18":{"start":{"line":34,"column":26},"end":{"line":34,"column":64}},"19":{"start":{"line":35,"column":12},"end":{"line":35,"column":24}},"20":{"start":{"line":37,"column":12},"end":{"line":37,"column":52}},"21":{"start":{"line":37,"column":26},"end":{"line":37,"column":52}},"22":{"start":{"line":47,"column":29},"end":{"line":47,"column":73}},"23":{"start":{"line":48,"column":8},"end":{"line":48,"column":54}},"24":{"start":{"line":48,"column":22},"end":{"line":48,"column":54}},"25":{"start":{"line":50,"column":8},"end":{"line":71,"column":9}},"26":{"start":{"line":51,"column":28},"end":{"line":57,"column":null}},"27":{"start":{"line":60,"column":12},"end":{"line":62,"column":13}},"28":{"start":{"line":61,"column":16},"end":{"line":61,"column":71}},"29":{"start":{"line":64,"column":12},"end":{"line":64,"column":65}},"30":{"start":{"line":64,"column":26},"end":{"line":64,"column":65}},"31":{"start":{"line":65,"column":12},"end":{"line":65,"column":27}},"32":{"start":{"line":67,"column":12},"end":{"line":67,"column":64}},"33":{"start":{"line":67,"column":26},"end":{"line":67,"column":64}},"34":{"start":{"line":68,"column":12},"end":{"line":68,"column":24}},"35":{"start":{"line":70,"column":12},"end":{"line":70,"column":52}},"36":{"start":{"line":70,"column":26},"end":{"line":70,"column":52}},"37":{"start":{"line":75,"column":8},"end":{"line":77,"column":9}},"38":{"start":{"line":76,"column":12},"end":{"line":76,"column":61}},"39":{"start":{"line":78,"column":8},"end":{"line":80,"column":9}},"40":{"start":{"line":79,"column":12},"end":{"line":79,"column":67}},"41":{"start":{"line":81,"column":8},"end":{"line":81,"column":20}},"42":{"start":{"line":95,"column":29},"end":{"line":95,"column":73}},"43":{"start":{"line":96,"column":8},"end":{"line":96,"column":54}},"44":{"start":{"line":96,"column":22},"end":{"line":96,"column":54}},"45":{"start":{"line":98,"column":8},"end":{"line":112,"column":9}},"46":{"start":{"line":99,"column":27},"end":{"line":99,"column":94}},"47":{"start":{"line":101,"column":12},"end":{"line":103,"column":13}},"48":{"start":{"line":102,"column":16},"end":{"line":102,"column":71}},"49":{"start":{"line":105,"column":12},"end":{"line":105,"column":65}},"50":{"start":{"line":105,"column":26},"end":{"line":105,"column":65}},"51":{"start":{"line":106,"column":12},"end":{"line":106,"column":46}},"52":{"start":{"line":108,"column":12},"end":{"line":108,"column":64}},"53":{"start":{"line":108,"column":26},"end":{"line":108,"column":64}},"54":{"start":{"line":109,"column":12},"end":{"line":109,"column":24}},"55":{"start":{"line":111,"column":12},"end":{"line":111,"column":52}},"56":{"start":{"line":111,"column":26},"end":{"line":111,"column":52}},"57":{"start":{"line":117,"column":28},"end":{"line":117,"column":78}},"58":{"start":{"line":118,"column":8},"end":{"line":120,"column":9}},"59":{"start":{"line":119,"column":12},"end":{"line":119,"column":53}},"60":{"start":{"line":121,"column":8},"end":{"line":121,"column":48}},"61":{"start":{"line":6,"column":0},"end":{"line":6,"column":13}}},"fnMap":{"0":{"name":"(anonymous_8)","decl":{"start":{"line":8,"column":10},"end":{"line":8,"column":35}},"loc":{"start":{"line":8,"column":35},"end":{"line":39,"column":null}}},"1":{"name":"(anonymous_9)","decl":{"start":{"line":9,"column":8},"end":{"line":9,"column":23}},"loc":{"start":{"line":12,"column":31},"end":{"line":39,"column":5}}},"2":{"name":"(anonymous_10)","decl":{"start":{"line":42,"column":10},"end":{"line":42,"column":35}},"loc":{"start":{"line":45,"column":31},"end":{"line":72,"column":null}}},"3":{"name":"(anonymous_12)","decl":{"start":{"line":74,"column":10},"end":{"line":74,"column":25}},"loc":{"start":{"line":74,"column":77},"end":{"line":82,"column":null}}},"4":{"name":"(anonymous_14)","decl":{"start":{"line":94,"column":10},"end":{"line":94,"column":35}},"loc":{"start":{"line":94,"column":76},"end":{"line":113,"column":null}}},"5":{"name":"(anonymous_16)","decl":{"start":{"line":116,"column":10},"end":{"line":116,"column":27}},"loc":{"start":{"line":116,"column":49},"end":{"line":122,"column":null}}}},"branchMap":{"0":{"loc":{"start":{"line":11,"column":8},"end":{"line":11,"column":31}},"type":"default-arg","locations":[{"start":{"line":11,"column":23},"end":{"line":11,"column":31}}]},"1":{"loc":{"start":{"line":14,"column":29},"end":{"line":14,"column":73}},"type":"binary-expr","locations":[{"start":{"line":14,"column":29},"end":{"line":14,"column":36}},{"start":{"line":14,"column":40},"end":{"line":14,"column":72}}]},"2":{"loc":{"start":{"line":15,"column":8},"end":{"line":15,"column":54}},"type":"if","locations":[{"start":{"line":15,"column":8},"end":{"line":15,"column":54}},{"start":{},"end":{}}]},"3":{"loc":{"start":{"line":19,"column":12},"end":{"line":19,"column":59}},"type":"if","locations":[{"start":{"line":19,"column":12},"end":{"line":19,"column":59}},{"start":{},"end":{}}]},"4":{"loc":{"start":{"line":22,"column":12},"end":{"line":22,"column":72}},"type":"if","locations":[{"start":{"line":22,"column":12},"end":{"line":22,"column":72}},{"start":{},"end":{}}]},"5":{"loc":{"start":{"line":31,"column":12},"end":{"line":31,"column":65}},"type":"if","locations":[{"start":{"line":31,"column":12},"end":{"line":31,"column":65}},{"start":{},"end":{}}]},"6":{"loc":{"start":{"line":34,"column":12},"end":{"line":34,"column":64}},"type":"if","locations":[{"start":{"line":34,"column":12},"end":{"line":34,"column":64}},{"start":{},"end":{}}]},"7":{"loc":{"start":{"line":37,"column":12},"end":{"line":37,"column":52}},"type":"if","locations":[{"start":{"line":37,"column":12},"end":{"line":37,"column":52}},{"start":{},"end":{}}]},"8":{"loc":{"start":{"line":47,"column":29},"end":{"line":47,"column":73}},"type":"binary-expr","locations":[{"start":{"line":47,"column":29},"end":{"line":47,"column":36}},{"start":{"line":47,"column":40},"end":{"line":47,"column":72}}]},"9":{"loc":{"start":{"line":48,"column":8},"end":{"line":48,"column":54}},"type":"if","locations":[{"start":{"line":48,"column":8},"end":{"line":48,"column":54}},{"start":{},"end":{}}]},"10":{"loc":{"start":{"line":60,"column":12},"end":{"line":62,"column":13}},"type":"if","locations":[{"start":{"line":60,"column":12},"end":{"line":62,"column":13}},{"start":{},"end":{}}]},"11":{"loc":{"start":{"line":64,"column":12},"end":{"line":64,"column":65}},"type":"if","locations":[{"start":{"line":64,"column":12},"end":{"line":64,"column":65}},{"start":{},"end":{}}]},"12":{"loc":{"start":{"line":67,"column":12},"end":{"line":67,"column":64}},"type":"if","locations":[{"start":{"line":67,"column":12},"end":{"line":67,"column":64}},{"start":{},"end":{}}]},"13":{"loc":{"start":{"line":70,"column":12},"end":{"line":70,"column":52}},"type":"if","locations":[{"start":{"line":70,"column":12},"end":{"line":70,"column":52}},{"start":{},"end":{}}]},"14":{"loc":{"start":{"line":75,"column":8},"end":{"line":77,"column":9}},"type":"if","locations":[{"start":{"line":75,"column":8},"end":{"line":77,"column":9}},{"start":{},"end":{}}]},"15":{"loc":{"start":{"line":78,"column":8},"end":{"line":80,"column":9}},"type":"if","locations":[{"start":{"line":78,"column":8},"end":{"line":80,"column":9}},{"start":{},"end":{}}]},"16":{"loc":{"start":{"line":95,"column":29},"end":{"line":95,"column":73}},"type":"binary-expr","locations":[{"start":{"line":95,"column":29},"end":{"line":95,"column":36}},{"start":{"line":95,"column":40},"end":{"line":95,"column":72}}]},"17":{"loc":{"start":{"line":96,"column":8},"end":{"line":96,"column":54}},"type":"if","locations":[{"start":{"line":96,"column":8},"end":{"line":96,"column":54}},{"start":{},"end":{}}]},"18":{"loc":{"start":{"line":101,"column":12},"end":{"line":103,"column":13}},"type":"if","locations":[{"start":{"line":101,"column":12},"end":{"line":103,"column":13}},{"start":{},"end":{}}]},"19":{"loc":{"start":{"line":105,"column":12},"end":{"line":105,"column":65}},"type":"if","locations":[{"start":{"line":105,"column":12},"end":{"line":105,"column":65}},{"start":{},"end":{}}]},"20":{"loc":{"start":{"line":108,"column":12},"end":{"line":108,"column":64}},"type":"if","locations":[{"start":{"line":108,"column":12},"end":{"line":108,"column":64}},{"start":{},"end":{}}]},"21":{"loc":{"start":{"line":111,"column":12},"end":{"line":111,"column":52}},"type":"if","locations":[{"start":{"line":111,"column":12},"end":{"line":111,"column":52}},{"start":{},"end":{}}]},"22":{"loc":{"start":{"line":118,"column":8},"end":{"line":120,"column":9}},"type":"if","locations":[{"start":{"line":118,"column":8},"end":{"line":120,"column":9}},{"start":{},"end":{}}]}},"s":{"0":2,"1":2,"2":0,"3":0,"4":0,"5":0,"6":0,"7":0,"8":0,"9":0,"10":0,"11":0,"12":0,"13":0,"14":0,"15":0,"16":0,"17":0,"18":0,"19":0,"20":0,"21":0,"22":0,"23":0,"24":0,"25":0,"26":0,"27":0,"28":0,"29":0,"30":0,"31":0,"32":0,"33":0,"34":0,"35":0,"36":0,"37":0,"38":0,"39":0,"40":0,"41":0,"42":0,"43":0,"44":0,"45":0,"46":0,"47":0,"48":0,"49":0,"50":0,"51":0,"52":0,"53":0,"54":0,"55":0,"56":0,"57":0,"58":0,"59":0,"60":0,"61":2},"f":{"0":0,"1":0,"2":0,"3":0,"4":0,"5":0},"b":{"0":[0],"1":[0,0],"2":[0,0],"3":[0,0],"4":[0,0],"5":[0,0],"6":[0,0],"7":[0,0],"8":[0,0],"9":[0,0],"10":[0,0],"11":[0,0],"12":[0,0],"13":[0,0],"14":[0,0],"15":[0,0],"16":[0,0],"17":[0,0],"18":[0,0],"19":[0,0],"20":[0,0],"21":[0,0],"22":[0,0]}}
,"C:\\Users\\USER\\Desktop\\WORK\\kip\\test\\utils.ts": {"path":"C:\\Users\\USER\\Desktop\\WORK\\kip\\test\\utils.ts","statementMap":{"0":{"start":{"line":2,"column":0},"end":{"line":2,"column":40}},"1":{"start":{"line":7,"column":29},"end":{"line":14,"column":2}},"2":{"start":{"line":7,"column":52},"end":{"line":14,"column":2}},"3":{"start":{"line":7,"column":13},"end":{"line":7,"column":29}},"4":{"start":{"line":16,"column":35},"end":{"line":21,"column":2}},"5":{"start":{"line":16,"column":79},"end":{"line":21,"column":2}},"6":{"start":{"line":16,"column":13},"end":{"line":16,"column":35}},"7":{"start":{"line":24,"column":27},"end":{"line":53,"column":2}},"8":{"start":{"line":27,"column":4},"end":{"line":53,"column":2}},"9":{"start":{"line":28,"column":4},"end":{"line":52,"column":5}},"10":{"start":{"line":29,"column":8},"end":{"line":29,"column":19}},"11":{"start":{"line":30,"column":8},"end":{"line":30,"column":51}},"12":{"start":{"line":33,"column":8},"end":{"line":51,"column":9}},"13":{"start":{"line":34,"column":12},"end":{"line":40,"column":13}},"14":{"start":{"line":35,"column":16},"end":{"line":39,"column":17}},"15":{"start":{"line":36,"column":20},"end":{"line":36,"column":66}},"16":{"start":{"line":38,"column":20},"end":{"line":38,"column":64}},"17":{"start":{"line":43,"column":28},"end":{"line":43,"column":93}},"18":{"start":{"line":44,"column":12},"end":{"line":50,"column":13}},"19":{"start":{"line":45,"column":16},"end":{"line":49,"column":17}},"20":{"start":{"line":46,"column":20},"end":{"line":46,"column":60}},"21":{"start":{"line":48,"column":20},"end":{"line":48,"column":58}},"22":{"start":{"line":24,"column":13},"end":{"line":24,"column":27}}},"fnMap":{"0":{"name":"(anonymous_7)","decl":{"start":{"line":7,"column":29},"end":{"line":7,"column":48}},"loc":{"start":{"line":7,"column":52},"end":{"line":14,"column":2}}},"1":{"name":"(anonymous_8)","decl":{"start":{"line":16,"column":35},"end":{"line":16,"column":36}},"loc":{"start":{"line":16,"column":79},"end":{"line":21,"column":2}}},"2":{"name":"(anonymous_9)","decl":{"start":{"line":24,"column":27},"end":{"line":24,"column":null}},"loc":{"start":{"line":27,"column":4},"end":{"line":53,"column":2}}},"3":{"name":"(anonymous_10)","decl":{"start":{"line":27,"column":4},"end":{"line":27,"column":null}},"loc":{"start":{"line":27,"column":4},"end":{"line":53,"column":1}}}},"branchMap":{"0":{"loc":{"start":{"line":33,"column":8},"end":{"line":51,"column":9}},"type":"if","locations":[{"start":{"line":33,"column":8},"end":{"line":51,"column":9}},{"start":{"line":41,"column":15},"end":{"line":51,"column":9}}]},"1":{"loc":{"start":{"line":34,"column":12},"end":{"line":40,"column":13}},"type":"if","locations":[{"start":{"line":34,"column":12},"end":{"line":40,"column":13}},{"start":{},"end":{}}]},"2":{"loc":{"start":{"line":35,"column":16},"end":{"line":39,"column":17}},"type":"if","locations":[{"start":{"line":35,"column":16},"end":{"line":39,"column":17}},{"start":{"line":37,"column":23},"end":{"line":39,"column":17}}]},"3":{"loc":{"start":{"line":43,"column":28},"end":{"line":43,"column":93}},"type":"cond-expr","locations":[{"start":{"line":43,"column":56},"end":{"line":43,"column":77}},{"start":{"line":43,"column":80},"end":{"line":43,"column":93}}]},"4":{"loc":{"start":{"line":44,"column":12},"end":{"line":50,"column":13}},"type":"if","locations":[{"start":{"line":44,"column":12},"end":{"line":50,"column":13}},{"start":{},"end":{}}]},"5":{"loc":{"start":{"line":45,"column":16},"end":{"line":49,"column":17}},"type":"if","locations":[{"start":{"line":45,"column":16},"end":{"line":49,"column":17}},{"start":{"line":47,"column":23},"end":{"line":49,"column":17}}]}},"s":{"0":3,"1":3,"2":0,"3":3,"4":3,"5":0,"6":3,"7":3,"8":0,"9":0,"10":0,"11":0,"12":0,"13":0,"14":0,"15":0,"16":0,"17":0,"18":0,"19":0,"20":0,"21":0,"22":3},"f":{"0":0,"1":0,"2":0,"3":0},"b":{"0":[0,0],"1":[0,0],"2":[0,0],"3":[0,0],"4":[0,0],"5":[0,0]}}
}
